<?xml version="1.0" encoding="UTF-8"?>
<!-- Generated by org.testng.reporters.JUnitReportReporter -->
<testsuite hostname="DESKTOP-6ASPVKB" failures="0" tests="5" name="openingnewsections.OpeningNewsSectionsTest" time="21.342" errors="0" timestamp="2023-03-04T01:19:09 MSK" skipped="0">
  <testcase classname="openingnewsections.OpeningNewsSectionsTest" name="openingSocietySectionTest" time="2.950"/>
  <system-out/>
  <testcase classname="openingnewsections.OpeningNewsSectionsTest" name="openingIncidentsSectionTest" time="2.751"/>
  <system-out/>
  <testcase classname="openingnewsections.OpeningNewsSectionsTest" name="openingEconomySectionTest" time="8.086"/>
  <system-out/>
  <testcase classname="openingnewsections.OpeningNewsSectionsTest" name="openingPoliticsSectionTest" time="3.520"/>
  <system-out/>
  <testcase classname="openingnewsections.OpeningNewsSectionsTest" name="openingWorldSectionTest" time="4.035"/>
  <system-out/>
</testsuite> <!-- openingnewsections.OpeningNewsSectionsTest -->
